2022.12.22 11:24:58 INFO  tracing is disabled for protocol LSP, to enable tracing of incoming and outgoing JSON messages create an empty file at /Users/yonis.abdulahi/hmrc/advance-valuation-rulings-frontend/.metals/lsp.trace.json or /Users/yonis.abdulahi/Library/Caches/org.scalameta.metals/lsp.trace.json
2022.12.22 11:24:58 INFO  logging to file /Users/yonis.abdulahi/hmrc/advance-valuation-rulings-frontend/.metals/metals.log
2022.12.22 11:24:58 INFO  Started: Metals version 0.11.9 in workspace '/Users/yonis.abdulahi/hmrc/advance-valuation-rulings-frontend' for client Visual Studio Code 1.73.0.
2022.12.22 11:24:58 WARN  Can't instantiate JavaInteractiveSemanticdb (version: JdkVersion(8), jdkHome: /Library/Internet Plug-Ins/JavaAppletPlugin.plugin/Contents/Home, javac exists: false)
2022.12.22 11:24:59 INFO  time: initialize in 1.09s
2022.12.22 11:25:02 WARN  Build server is not auto-connectable.
Dec 22, 2022 11:25:02 AM org.eclipse.lsp4j.jsonrpc.RemoteEndpoint handleCancellation
WARNING: Unmatched cancel notification for request id 1
2022.12.22 11:25:02 WARN  no build target for: /Users/yonis.abdulahi/hmrc/advance-valuation-rulings-frontend/app/controllers/RequiredInformationController.scala
2022.12.22 11:25:02 WARN  no build target for: /Users/yonis.abdulahi/hmrc/advance-valuation-rulings-frontend/app/navigation/Navigator.scala
2022.12.22 11:25:02 WARN  no build target for: /Users/yonis.abdulahi/hmrc/advance-valuation-rulings-frontend/app/models/RequiredInformation.scala
2022.12.22 11:25:02 WARN  no build target for: /Users/yonis.abdulahi/hmrc/advance-valuation-rulings-frontend/test/controllers/RequiredInformationControllerSpec.scala
2022.12.22 11:25:09 INFO  running '/Library/Internet Plug-Ins/JavaAppletPlugin.plugin/Contents/Home/bin/java -Djline.terminal=jline.UnsupportedTerminal -Dsbt.log.noformat=true -Dfile.encoding=UTF-8 -jar /var/folders/q6/mnw7_kq133j4z047jk5mcpmw0000gn/T/metals440854668596725417/sbt-launch.jar -Dbloop.export-jar-classifiers=sources bloopInstall'
2022.12.22 11:25:09 WARN  no build target for: /Users/yonis.abdulahi/hmrc/advance-valuation-rulings-frontend/project/metals.sbt
2022.12.22 11:25:09 WARN  no build target for: /Users/yonis.abdulahi/hmrc/advance-valuation-rulings-frontend/project/project/metals.sbt
2022.12.22 11:25:09 INFO  skipping build import with status 'Started'
2022.12.22 11:25:11 INFO  no build target found for /Users/yonis.abdulahi/hmrc/advance-valuation-rulings-frontend/test/controllers/RequiredInformationControllerSpec.scala. Using presentation compiler with project's scala-library version: 3.2.0
2022.12.22 11:25:12 INFO  [info] welcome to sbt 1.7.2 (Oracle Corporation Java 1.8.0_333)
2022.12.22 11:25:15 INFO  time: code lens generation in 13s
2022.12.22 11:25:15 INFO  [info] loading global plugins from /Users/yonis.abdulahi/.sbt/1.0/plugins
2022.12.22 11:25:21 INFO  [info] loading settings for project advance-valuation-rulings-frontend-build-build-build from metals.sbt ...
2022.12.22 11:25:21 INFO  [info] loading project definition from /Users/yonis.abdulahi/hmrc/advance-valuation-rulings-frontend/project/project/project
2022.12.22 11:25:27 INFO  [info] loading settings for project advance-valuation-rulings-frontend-build-build from metals.sbt ...
2022.12.22 11:25:27 INFO  [info] loading project definition from /Users/yonis.abdulahi/hmrc/advance-valuation-rulings-frontend/project/project
2022.12.22 11:25:33 INFO  [success] Generated .bloop/advance-valuation-rulings-frontend-build-build.json
2022.12.22 11:25:33 INFO  [success] Total time: 6 s, completed 22-Dec-2022 11:25:33
2022.12.22 11:25:39 INFO  [info] loading settings for project advance-valuation-rulings-frontend-build from metals.sbt,plugins.sbt,scaffold.sbt ...
2022.12.22 11:25:39 INFO  [info] loading project definition from /Users/yonis.abdulahi/hmrc/advance-valuation-rulings-frontend/project
2022.12.22 11:25:50 INFO  [success] Generated .bloop/advance-valuation-rulings-frontend-build.json
2022.12.22 11:25:52 INFO  [info] compiling 1 Scala source to /Users/yonis.abdulahi/hmrc/advance-valuation-rulings-frontend/project/target/scala-2.12/sbt-1.0/classes ...
2022.12.22 11:25:59 INFO  [info] done compiling
2022.12.22 11:25:59 INFO  [success] Total time: 20 s, completed 22-Dec-2022 11:26:00
2022.12.22 11:26:04 ERROR /Users/yonis.abdulahi/hmrc/advance-valuation-rulings-frontend/build.sbt:16: warning: method in in trait ScopingSetting is deprecated (since 1.5.0): `in` is deprecated; migrate to slash syntax - https://www.scala-sbt.org/1.x/docs/Migrating-from-sbt-013x.html#slash
2022.12.22 11:26:04 ERROR   .settings(useSuperShell in ThisBuild := false)
2022.12.22 11:26:04 ERROR                           ^
2022.12.22 11:26:04 ERROR /Users/yonis.abdulahi/hmrc/advance-valuation-rulings-frontend/build.sbt:51: warning: method in in trait ScopingSetting is deprecated (since 1.5.0): `in` is deprecated; migrate to slash syntax - https://www.scala-sbt.org/1.x/docs/Migrating-from-sbt-013x.html#slash
2022.12.22 11:26:04 ERROR     evictionWarningOptions in update :=
2022.12.22 11:26:04 ERROR                            ^
2022.12.22 11:26:04 ERROR /Users/yonis.abdulahi/hmrc/advance-valuation-rulings-frontend/build.sbt:65: warning: method in in trait ScopingSetting is deprecated (since 1.5.0): `in` is deprecated; migrate to slash syntax - https://www.scala-sbt.org/1.x/docs/Migrating-from-sbt-013x.html#slash
2022.12.22 11:26:04 ERROR     pipelineStages in Assets := Seq(concat,uglify),
2022.12.22 11:26:04 ERROR                    ^
2022.12.22 11:26:04 ERROR /Users/yonis.abdulahi/hmrc/advance-valuation-rulings-frontend/build.sbt:67: warning: method in in trait ScopingSetting is deprecated (since 1.5.0): `in` is deprecated; migrate to slash syntax - https://www.scala-sbt.org/1.x/docs/Migrating-from-sbt-013x.html#slash
2022.12.22 11:26:04 ERROR     includeFilter in uglify := GlobFilter("application.js")
2022.12.22 11:26:04 ERROR                   ^
2022.12.22 11:26:06 INFO  [info] SbtAutoBuildPlugin - adding build settings
2022.12.22 11:26:06 INFO  [info] loading settings for project root from build.sbt ...
2022.12.22 11:26:06 INFO  [info] SbtAutoBuildPlugin - repository is marked public. Licence headers will be added to all source files
2022.12.22 11:26:08 INFO  [info]   __              __
2022.12.22 11:26:08 INFO  [info]   \ \     ____   / /____ _ __  __
2022.12.22 11:26:08 INFO  [info]    \ \   / __ \ / // __ `// / / /
2022.12.22 11:26:08 INFO  [info]    / /  / /_/ // // /_/ // /_/ /
2022.12.22 11:26:08 INFO  [info]   /_/  / .___//_/ \__,_/ \__, /
2022.12.22 11:26:08 INFO  [info]       /_/               /____/
2022.12.22 11:26:08 INFO  [info] 
2022.12.22 11:26:08 INFO  [info] Version 2.8.16 running Java 1.8.0_333
2022.12.22 11:26:08 INFO  [info] 
2022.12.22 11:26:08 INFO  [info] Play is run entirely by the community. Please consider contributing and/or donating:
2022.12.22 11:26:08 INFO  [info] https://www.playframework.com/sponsors
2022.12.22 11:26:08 INFO  [info] 
2022.12.22 11:26:08 INFO  [warn] there's a key that's not used by any other settings/tasks:
2022.12.22 11:26:08 INFO  [warn]  
2022.12.22 11:26:08 INFO  [warn] * root / update / evictionWarningOptions
2022.12.22 11:26:08 INFO  [warn]   +- /Users/yonis.abdulahi/hmrc/advance-valuation-rulings-frontend/build.sbt:51
2022.12.22 11:26:08 INFO  [warn]  
2022.12.22 11:26:08 INFO  [warn] note: a setting might still be used by a command; to exclude a key from this `lintUnused` check
2022.12.22 11:26:08 INFO  [warn] either append it to `Global / excludeLintKeys` or call .withRank(KeyRanks.Invisible) on the key
2022.12.22 11:26:16 INFO  [success] Generated .bloop/root.json
2022.12.22 11:26:16 INFO  [success] Generated .bloop/root-test.json
2022.12.22 11:26:16 INFO  [success] Generated .bloop/root-it.json
2022.12.22 11:26:16 INFO  [success] Total time: 7 s, completed 22-Dec-2022 11:26:17
2022.12.22 11:26:17 INFO  time: ran 'sbt bloopInstall' in 1m8s
2022.12.22 11:26:17 INFO  Attempting to connect to the build server...
2022.12.22 11:26:17 INFO  Setting up current java home /Library/Internet Plug-Ins/JavaAppletPlugin.plugin/Contents/Home in /Users/yonis.abdulahi/.bloop/bloop.json
2022.12.22 11:26:29 INFO  tracing is disabled for protocol BSP, to enable tracing of incoming and outgoing JSON messages create an empty file at /Users/yonis.abdulahi/hmrc/advance-valuation-rulings-frontend/.metals/bsp.trace.json or /Users/yonis.abdulahi/Library/Caches/org.scalameta.metals/bsp.trace.json
2022.12.22 11:26:33 INFO  Attempting to connect to the build server...
2022.12.22 11:26:33 INFO  Bloop uses /Library/Internet Plug-Ins/JavaAppletPlugin.plugin/Contents/Home defined at /Users/yonis.abdulahi/.bloop/bloop.json
2022.12.22 11:26:33 INFO  Attempting to connect to the build server...
2022.12.22 11:26:33 INFO  Bloop uses /Library/Internet Plug-Ins/JavaAppletPlugin.plugin/Contents/Home defined at /Users/yonis.abdulahi/.bloop/bloop.json
2022.12.22 11:26:33 INFO  tracing is disabled for protocol BSP, to enable tracing of incoming and outgoing JSON messages create an empty file at /Users/yonis.abdulahi/hmrc/advance-valuation-rulings-frontend/project/project/.metals/bsp.trace.json or /Users/yonis.abdulahi/Library/Caches/org.scalameta.metals/bsp.trace.json
2022.12.22 11:26:33 INFO  tracing is disabled for protocol BSP, to enable tracing of incoming and outgoing JSON messages create an empty file at /Users/yonis.abdulahi/hmrc/advance-valuation-rulings-frontend/project/.metals/bsp.trace.json or /Users/yonis.abdulahi/Library/Caches/org.scalameta.metals/bsp.trace.json
2022.12.22 11:26:35 INFO  time: Connected to build server in 18s
2022.12.22 11:26:35 INFO  Connected to Build server: Bloop v1.5.4
2022.12.22 11:26:35 INFO  time: Imported build in 0.68s
2022.12.22 11:26:45 WARN  Could not find java sources in /Library/Internet Plug-Ins/JavaAppletPlugin.plugin/Contents/src.zip, /Library/Internet Plug-Ins/JavaAppletPlugin.plugin/Contents/lib/src.zip, /Library/Internet Plug-Ins/JavaAppletPlugin.plugin/Contents/Home/src.zip, /Library/Internet Plug-Ins/JavaAppletPlugin.plugin/Contents/Home/lib/src.zip. Java symbols will not be available.
2022.12.22 11:26:51 WARN  Could not find java sources in /Library/Internet Plug-Ins/JavaAppletPlugin.plugin/Contents/src.zip, /Library/Internet Plug-Ins/JavaAppletPlugin.plugin/Contents/lib/src.zip, /Library/Internet Plug-Ins/JavaAppletPlugin.plugin/Contents/Home/src.zip, /Library/Internet Plug-Ins/JavaAppletPlugin.plugin/Contents/Home/lib/src.zip. Java symbols will not be available.
2022.12.22 11:26:51 WARN  Could not find java sources in /Library/Internet Plug-Ins/JavaAppletPlugin.plugin/Contents/src.zip, /Library/Internet Plug-Ins/JavaAppletPlugin.plugin/Contents/lib/src.zip, /Library/Internet Plug-Ins/JavaAppletPlugin.plugin/Contents/Home/src.zip, /Library/Internet Plug-Ins/JavaAppletPlugin.plugin/Contents/Home/lib/src.zip. Java symbols will not be available.
2022.12.22 11:26:51 INFO  time: indexed workspace in 14s
2022.12.22 11:26:53 INFO  compiling root (133 scala sources and 3 java sources)
Dec 22, 2022 11:26:53 AM scala.meta.internal.pc.ScalaPresentationCompiler newCompiler
WARNING: Unknown compiler options: utf8
Dec 22, 2022 11:26:53 AM scala.meta.internal.pc.ScalaPresentationCompiler newCompiler
WARNING: Unknown compiler options: utf8
2022.12.22 11:26:58 INFO  Deduplicating compilation of root from bsp client 'Metals 0.11.9' (since 28.976s)
2022.12.22 11:26:58 INFO  compiling root (133 scala sources and 3 java sources)
2022.12.22 11:28:20 WARN  Unexpected javac output: warning: [path] bad path element "/Users/yonis.abdulahi/hmrc/advance-valuation-rulings-frontend/.bloop/root/scala-2.12/classes-empty-root": no such file or directory
warning: [options] bootstrap class path not set in conjunction with -source 8
Exception in thread "main" java.lang.IllegalAccessError: class com.sourcegraph.semanticdb_javac.SemanticdbPlugin (in unnamed module @0x5ce81285) cannot access class com.sun.tools.javac.api.BasicJavacTask (in module jdk.compiler) because module jdk.compiler does not export com.sun.tools.javac.api to unnamed module @0x5ce81285
	at com.sourcegraph.semanticdb_javac.SemanticdbPlugin.init(SemanticdbPlugin.java:19)
	at jdk.compiler/com.sun.tools.javac.api.BasicJavacTask.initPlugin(BasicJavacTask.java:255)
	at jdk.compiler/com.sun.tools.javac.api.BasicJavacTask.initPlugins(BasicJavacTask.java:229)
	at jdk.compiler/com.sun.tools.javac.main.Main.compile(Main.java:292)
	at jdk.compiler/com.sun.tools.javac.main.Main.compile(Main.java:176)
	at jdk.compiler/com.sun.tools.javac.Main.compile(Main.java:64)
	at jdk.compiler/com.sun.tools.javac.Main.main(Main.java:50).
2022.12.22 11:28:20 WARN  Unexpected javac output: warning: [path] bad path element "/Users/yonis.abdulahi/hmrc/advance-valuation-rulings-frontend/.bloop/root/scala-2.12/classes-empty-root": no such file or directory
warning: [options] bootstrap class path not set in conjunction with -source 8
Exception in thread "main" java.lang.IllegalAccessError: class com.sourcegraph.semanticdb_javac.SemanticdbPlugin (in unnamed module @0x5ce81285) cannot access class com.sun.tools.javac.api.BasicJavacTask (in module jdk.compiler) because module jdk.compiler does not export com.sun.tools.javac.api to unnamed module @0x5ce81285
	at com.sourcegraph.semanticdb_javac.SemanticdbPlugin.init(SemanticdbPlugin.java:19)
	at jdk.compiler/com.sun.tools.javac.api.BasicJavacTask.initPlugin(BasicJavacTask.java:255)
	at jdk.compiler/com.sun.tools.javac.api.BasicJavacTask.initPlugins(BasicJavacTask.java:229)
	at jdk.compiler/com.sun.tools.javac.main.Main.compile(Main.java:292)
	at jdk.compiler/com.sun.tools.javac.main.Main.compile(Main.java:176)
	at jdk.compiler/com.sun.tools.javac.Main.compile(Main.java:64)
	at jdk.compiler/com.sun.tools.javac.Main.main(Main.java:50).
2022.12.22 11:28:20 WARN  javac exited with exit code 1
2022.12.22 11:28:20 WARN  javac exited with exit code 1
2022.12.22 11:28:20 INFO  time: compiled root in 1m22s
Dec 22, 2022 11:28:21 AM scala.meta.internal.pc.ScalaPresentationCompiler newCompiler
WARNING: Unknown compiler options: utf8
Dec 22, 2022 11:28:36 AM scala.meta.internal.pc.ScalaPresentationCompiler newCompiler
WARNING: Unknown compiler options: utf8
2022.12.22 11:43:08 INFO  compiling root (133 scala sources and 3 java sources)
2022.12.22 11:43:30 WARN  Unexpected javac output: warning: [path] bad path element "/Users/yonis.abdulahi/hmrc/advance-valuation-rulings-frontend/.bloop/root/scala-2.12/classes-empty-root": no such file or directory
warning: [options] bootstrap class path not set in conjunction with -source 8
Exception in thread "main" java.lang.IllegalAccessError: class com.sourcegraph.semanticdb_javac.SemanticdbPlugin (in unnamed module @0x5ce81285) cannot access class com.sun.tools.javac.api.BasicJavacTask (in module jdk.compiler) because module jdk.compiler does not export com.sun.tools.javac.api to unnamed module @0x5ce81285
	at com.sourcegraph.semanticdb_javac.SemanticdbPlugin.init(SemanticdbPlugin.java:19)
	at jdk.compiler/com.sun.tools.javac.api.BasicJavacTask.initPlugin(BasicJavacTask.java:255)
	at jdk.compiler/com.sun.tools.javac.api.BasicJavacTask.initPlugins(BasicJavacTask.java:229)
	at jdk.compiler/com.sun.tools.javac.main.Main.compile(Main.java:292)
	at jdk.compiler/com.sun.tools.javac.main.Main.compile(Main.java:176)
	at jdk.compiler/com.sun.tools.javac.Main.compile(Main.java:64)
	at jdk.compiler/com.sun.tools.javac.Main.main(Main.java:50).
2022.12.22 11:43:30 WARN  javac exited with exit code 1
2022.12.22 11:43:30 INFO  time: compiled root in 21s
Dec 22, 2022 11:44:22 AM scala.meta.internal.pc.ScalaPresentationCompiler newCompiler
WARNING: Unknown compiler options: utf8
2022.12.22 11:46:35 INFO  compiling root (133 scala sources and 3 java sources)
2022.12.22 11:46:51 WARN  Unexpected javac output: warning: [path] bad path element "/Users/yonis.abdulahi/hmrc/advance-valuation-rulings-frontend/.bloop/root/scala-2.12/classes-empty-root": no such file or directory
warning: [options] bootstrap class path not set in conjunction with -source 8
Exception in thread "main" java.lang.IllegalAccessError: class com.sourcegraph.semanticdb_javac.SemanticdbPlugin (in unnamed module @0x5ce81285) cannot access class com.sun.tools.javac.api.BasicJavacTask (in module jdk.compiler) because module jdk.compiler does not export com.sun.tools.javac.api to unnamed module @0x5ce81285
	at com.sourcegraph.semanticdb_javac.SemanticdbPlugin.init(SemanticdbPlugin.java:19)
	at jdk.compiler/com.sun.tools.javac.api.BasicJavacTask.initPlugin(BasicJavacTask.java:255)
	at jdk.compiler/com.sun.tools.javac.api.BasicJavacTask.initPlugins(BasicJavacTask.java:229)
	at jdk.compiler/com.sun.tools.javac.main.Main.compile(Main.java:292)
	at jdk.compiler/com.sun.tools.javac.main.Main.compile(Main.java:176)
	at jdk.compiler/com.sun.tools.javac.Main.compile(Main.java:64)
	at jdk.compiler/com.sun.tools.javac.Main.main(Main.java:50).
2022.12.22 11:46:51 WARN  javac exited with exit code 1
2022.12.22 11:46:51 INFO  time: compiled root in 16s
2022.12.22 11:46:51 INFO  compiling root (133 scala sources and 3 java sources)
2022.12.22 11:47:05 WARN  Unexpected javac output: warning: [path] bad path element "/Users/yonis.abdulahi/hmrc/advance-valuation-rulings-frontend/.bloop/root/scala-2.12/classes-empty-root": no such file or directory
warning: [options] bootstrap class path not set in conjunction with -source 8
Exception in thread "main" java.lang.IllegalAccessError: class com.sourcegraph.semanticdb_javac.SemanticdbPlugin (in unnamed module @0x5ce81285) cannot access class com.sun.tools.javac.api.BasicJavacTask (in module jdk.compiler) because module jdk.compiler does not export com.sun.tools.javac.api to unnamed module @0x5ce81285
	at com.sourcegraph.semanticdb_javac.SemanticdbPlugin.init(SemanticdbPlugin.java:19)
	at jdk.compiler/com.sun.tools.javac.api.BasicJavacTask.initPlugin(BasicJavacTask.java:255)
	at jdk.compiler/com.sun.tools.javac.api.BasicJavacTask.initPlugins(BasicJavacTask.java:229)
	at jdk.compiler/com.sun.tools.javac.main.Main.compile(Main.java:292)
	at jdk.compiler/com.sun.tools.javac.main.Main.compile(Main.java:176)
	at jdk.compiler/com.sun.tools.javac.Main.compile(Main.java:64)
	at jdk.compiler/com.sun.tools.javac.Main.main(Main.java:50).
2022.12.22 11:47:05 WARN  javac exited with exit code 1
2022.12.22 11:47:05 INFO  time: compiled root in 13s
Dec 22, 2022 11:48:08 AM scala.meta.internal.pc.ScalaPresentationCompiler newCompiler
WARNING: Unknown compiler options: utf8
2022.12.22 11:48:48 INFO  shutting down Metals
2022.12.22 11:48:48 INFO  Shut down connection with build server.
2022.12.22 11:48:48 INFO  Shut down connection with build server.
2022.12.22 11:48:48 INFO  Shut down connection with build server.
